# JRE version: Java(TM) SE Runtime Environment (8.0_111-b14) (build 1.8.0_111-b14)
# Java VM: Java HotSpot(TM) 64-Bit Server VM (25.111-b14 mixed mode windows-amd64 compressed oops)
Heap:
 PSYoungGen      total 259072K, used 138136K [0x00000000d5c00000, 0x00000000e8400000, 0x0000000100000000)
  eden space 238080K, 49% used [0x00000000d5c00000,0x00000000dce6d900,0x00000000e4480000)
  from space 20992K, 99% used [0x00000000e6080000,0x00000000e74f8978,0x00000000e7500000)
  to   space 28672K, 0% used [0x00000000e4480000,0x00000000e4480000,0x00000000e6080000)
 ParOldGen       total 87552K, used 43235K [0x0000000081400000, 0x0000000086980000, 0x00000000d5c00000)
  object space 87552K, 49% used [0x0000000081400000,0x0000000083e38c08,0x0000000086980000)
 Metaspace       used 7030K, capacity 7168K, committed 7296K, reserved 1056768K
  class space    used 771K, capacity 787K, committed 896K, reserved 1048576K
GC Heap History (10 events):
Event: 0.973 GC heap before
{Heap before GC invocations=29 (full 13):
 PSYoungGen      total 38400K, used 38368K [0x00000000d5c00000, 0x00000000da700000, 0x0000000100000000)
  eden space 33280K, 100% used [0x00000000d5c00000,0x00000000d7c80000,0x00000000d7c80000)
  from space 5120K, 99% used [0x00000000d7c80000,0x00000000d8178020,0x00000000d8180000)
  to   space 5120K, 0% used [0x00000000da200000,0x00000000da200000,0x00000000da700000)
 ParOldGen       total 87552K, used 6374K [0x0000000081400000, 0x0000000086980000, 0x00000000d5c00000)
  object space 87552K, 7% used [0x0000000081400000,0x0000000081a39830,0x0000000086980000)
 Metaspace       used 4675K, capacity 5290K, committed 5504K, reserved 1056768K
  class space    used 511K, capacity 530K, committed 640K, reserved 1048576K
Event: 0.984 GC heap after
Heap after GC invocations=29 (full 13):
 PSYoungGen      total 71680K, used 5088K [0x00000000d5c00000, 0x00000000da700000, 0x0000000100000000)
  eden space 66560K, 0% used [0x00000000d5c00000,0x00000000d5c00000,0x00000000d9d00000)
  from space 5120K, 99% used [0x00000000da200000,0x00000000da6f8150,0x00000000da700000)
  to   space 5120K, 0% used [0x00000000d9d00000,0x00000000d9d00000,0x00000000da200000)
 ParOldGen       total 87552K, used 10286K [0x0000000081400000, 0x0000000086980000, 0x00000000d5c00000)
  object space 87552K, 11% used [0x0000000081400000,0x0000000081e0b830,0x0000000086980000)
 Metaspace       used 4675K, capacity 5290K, committed 5504K, reserved 1056768K
  class space    used 511K, capacity 530K, committed 640K, reserved 1048576K
}
Event: 1.064 GC heap before
{Heap before GC invocations=30 (full 13):
 PSYoungGen      total 71680K, used 71648K [0x00000000d5c00000, 0x00000000da700000, 0x0000000100000000)
  eden space 66560K, 100% used [0x00000000d5c00000,0x00000000d9d00000,0x00000000d9d00000)
  from space 5120K, 99% used [0x00000000da200000,0x00000000da6f8150,0x00000000da700000)
  to   space 5120K, 0% used [0x00000000d9d00000,0x00000000d9d00000,0x00000000da200000)
 ParOldGen       total 87552K, used 10286K [0x0000000081400000, 0x0000000086980000, 0x00000000d5c00000)
  object space 87552K, 11% used [0x0000000081400000,0x0000000081e0b830,0x0000000086980000)
 Metaspace       used 4684K, capacity 5290K, committed 5504K, reserved 1056768K
  class space    used 511K, capacity 530K, committed 640K, reserved 1048576K
Event: 1.083 GC heap after
Heap after GC invocations=30 (full 13):
 PSYoungGen      total 71680K, used 5104K [0x00000000d5c00000, 0x00000000de800000, 0x0000000100000000)
  eden space 66560K, 0% used [0x00000000d5c00000,0x00000000d5c00000,0x00000000d9d00000)
  from space 5120K, 99% used [0x00000000d9d00000,0x00000000da1fc030,0x00000000da200000)
  to   space 5120K, 0% used [0x00000000de300000,0x00000000de300000,0x00000000de800000)
 ParOldGen       total 87552K, used 18606K [0x0000000081400000, 0x0000000086980000, 0x00000000d5c00000)
  object space 87552K, 21% used [0x0000000081400000,0x000000008262b830,0x0000000086980000)
 Metaspace       used 4684K, capacity 5290K, committed 5504K, reserved 1056768K
  class space    used 511K, capacity 530K, committed 640K, reserved 1048576K
}
Event: 1.146 GC heap before
{Heap before GC invocations=31 (full 13):
 PSYoungGen      total 71680K, used 71664K [0x00000000d5c00000, 0x00000000de800000, 0x0000000100000000)
  eden space 66560K, 100% used [0x00000000d5c00000,0x00000000d9d00000,0x00000000d9d00000)
  from space 5120K, 99% used [0x00000000d9d00000,0x00000000da1fc030,0x00000000da200000)
  to   space 5120K, 0% used [0x00000000de300000,0x00000000de300000,0x00000000de800000)
 ParOldGen       total 87552K, used 18606K [0x0000000081400000, 0x0000000086980000, 0x00000000d5c00000)
  object space 87552K, 21% used [0x0000000081400000,0x000000008262b830,0x0000000086980000)
 Metaspace       used 4684K, capacity 5290K, committed 5504K, reserved 1056768K
  class space    used 511K, capacity 530K, committed 640K, reserved 1048576K
Event: 1.165 GC heap after
Heap after GC invocations=31 (full 13):
 PSYoungGen      total 128000K, used 5104K [0x00000000d5c00000, 0x00000000dfc00000, 0x0000000100000000)
  eden space 122880K, 0% used [0x00000000d5c00000,0x00000000d5c00000,0x00000000dd400000)
  from space 5120K, 99% used [0x00000000de300000,0x00000000de7fc120,0x00000000de800000)
  to   space 15360K, 0% used [0x00000000dd400000,0x00000000dd400000,0x00000000de300000)
 ParOldGen       total 87552K, used 26742K [0x0000000081400000, 0x0000000086980000, 0x00000000d5c00000)
  object space 87552K, 30% used [0x0000000081400000,0x0000000082e1d850,0x0000000086980000)
 Metaspace       used 4684K, capacity 5290K, committed 5504K, reserved 1056768K
  class space    used 511K, capacity 530K, committed 640K, reserved 1048576K
}
Event: 1.316 GC heap before
{Heap before GC invocations=32 (full 13):
 PSYoungGen      total 128000K, used 127984K [0x00000000d5c00000, 0x00000000dfc00000, 0x0000000100000000)
  eden space 122880K, 100% used [0x00000000d5c00000,0x00000000dd400000,0x00000000dd400000)
  from space 5120K, 99% used [0x00000000de300000,0x00000000de7fc120,0x00000000de800000)
  to   space 15360K, 0% used [0x00000000dd400000,0x00000000dd400000,0x00000000de300000)
 ParOldGen       total 87552K, used 26742K [0x0000000081400000, 0x0000000086980000, 0x00000000d5c00000)
  object space 87552K, 30% used [0x0000000081400000,0x0000000082e1d850,0x0000000086980000)
 Metaspace       used 4685K, capacity 5290K, committed 5504K, reserved 1056768K
  class space    used 511K, capacity 530K, committed 640K, reserved 1048576K
Event: 1.346 GC heap after
Heap after GC invocations=32 (full 13):
 PSYoungGen      total 138240K, used 15328K [0x00000000d5c00000, 0x00000000e7500000, 0x0000000100000000)
  eden space 122880K, 0% used [0x00000000d5c00000,0x00000000d5c00000,0x00000000dd400000)
  from space 15360K, 99% used [0x00000000dd400000,0x00000000de2f8020,0x00000000de300000)
  to   space 20992K, 0% used [0x00000000e6080000,0x00000000e6080000,0x00000000e7500000)
 ParOldGen       total 87552K, used 33294K [0x0000000081400000, 0x0000000086980000, 0x00000000d5c00000)
  object space 87552K, 38% used [0x0000000081400000,0x0000000083483850,0x0000000086980000)
 Metaspace       used 4685K, capacity 5290K, committed 5504K, reserved 1056768K
  class space    used 511K, capacity 530K, committed 640K, reserved 1048576K
}
Event: 2.237 GC heap before
{Heap before GC invocations=33 (full 13):
 PSYoungGen      total 138240K, used 138208K [0x00000000d5c00000, 0x00000000e7500000, 0x0000000100000000)
  eden space 122880K, 100% used [0x00000000d5c00000,0x00000000dd400000,0x00000000dd400000)
  from space 15360K, 99% used [0x00000000dd400000,0x00000000de2f8020,0x00000000de300000)
  to   space 20992K, 0% used [0x00000000e6080000,0x00000000e6080000,0x00000000e7500000)
 ParOldGen       total 87552K, used 33294K [0x0000000081400000, 0x0000000086980000, 0x00000000d5c00000)
  object space 87552K, 38% used [0x0000000081400000,0x0000000083483850,0x0000000086980000)
 Metaspace       used 6928K, capacity 7040K, committed 7296K, reserved 1056768K
  class space    used 767K, capacity 787K, committed 896K, reserved 1048576K
Event: 2.292 GC heap after
Heap after GC invocations=33 (full 13):
 PSYoungGen      total 259072K, used 20962K [0x00000000d5c00000, 0x00000000e8400000, 0x0000000100000000)
  eden space 238080K, 0% used [0x00000000d5c00000,0x00000000d5c00000,0x00000000e4480000)
  from space 20992K, 99% used [0x00000000e6080000,0x00000000e74f8978,0x00000000e7500000)
  to   space 28672K, 0% used [0x00000000e4480000,0x00000000e4480000,0x00000000e6080000)
 ParOldGen       total 87552K, used 43235K [0x0000000081400000, 0x0000000086980000, 0x00000000d5c00000)
  object space 87552K, 49% used [0x0000000081400000,0x0000000083e38c08,0x0000000086980000)
 Metaspace       used 6928K, capacity 7040K, committed 7296K, reserved 1056768K
  class space    used 767K, capacity 787K, committed 896K, reserved 1048576K
}

